<?xml version="1.0" encoding="UTF-8"?>
<testng-results ignored="0" total="1" passed="1" failed="0" skipped="0">
  <reporter-output>
  </reporter-output>
  <suite started-at="2023-08-30T08:08:47 IST" name="Default suite" finished-at="2023-08-30T08:09:04 IST" duration-ms="17637">
    <groups>
    </groups>
    <test started-at="2023-08-30T08:08:47 IST" name="Default test" finished-at="2023-08-30T08:09:04 IST" duration-ms="17637">
      <class name="TestNG.TakeScreenShot">
        <test-method signature="m1()[pri:0, instance:TestNG.TakeScreenShot@70fab835]" started-at="2023-08-30T08:08:47 IST" name="m1" finished-at="2023-08-30T08:09:04 IST" duration-ms="17370" status="PASS">
          <reporter-output>
          </reporter-output>
        </test-method> <!-- m1 -->
      </class> <!-- TestNG.TakeScreenShot -->
    </test> <!-- Default test -->
  </suite> <!-- Default suite -->
</testng-results>
